[RECEIVED 2026-04-28T06:57:22-04:00] 
[RECEIVED 2026-04-28T06:57:24-04:00] 
[RECEIVED 2026-04-28T06:57:26-04:00] 
[RECEIVED 2026-04-28T06:57:28-04:00] 
[RECEIVED 2026-04-28T06:57:30-04:00] 
[RECEIVED 2026-04-28T06:57:32-04:00] 
[RECEIVED 2026-04-28T06:57:34-04:00] 
[RECEIVED 2026-04-28T06:57:36-04:00] 
[RECEIVED 2026-04-28T06:57:38-04:00] 
[RECEIVED 2026-04-28T06:57:40-04:00] 
[RECEIVED 2026-04-28T06:57:42-04:00] 
[RECEIVED 2026-04-28T06:57:44-04:00] 
[RECEIVED 2026-04-28T06:57:46-04:00] 
[RECEIVED 2026-04-28T06:57:48-04:00] 
[RECEIVED 2026-04-28T06:57:50-04:00] 
[RECEIVED 2026-04-28T06:57:52-04:00] 
[RECEIVED 2026-04-28T06:57:54-04:00] 
[RECEIVED 2026-04-28T06:57:56-04:00] 
[RECEIVED 2026-04-28T06:57:58-04:00] SAT_ID=sat-001;TIMESTAMP=2026-04-28T06:57:58-04:00;VALUE=9999;SIGNATURE=fake
[RECEIVED 2026-04-28T06:57:58-04:00] 
[RECEIVED 2026-04-28T06:58:00-04:00] 
[RECEIVED 2026-04-28T06:58:02-04:00] 
[RECEIVED 2026-04-28T06:58:04-04:00] 
[RECEIVED 2026-04-28T06:58:06-04:00] 
[RECEIVED 2026-04-28T06:58:08-04:00] 
[RECEIVED 2026-04-28T06:58:10-04:00] 
[RECEIVED 2026-04-28T06:58:12-04:00] 
[RECEIVED 2026-04-28T06:58:15-04:00] 
[RECEIVED 2026-04-28T06:58:17-04:00] 
[RECEIVED 2026-04-28T06:58:19-04:00] 
[RECEIVED 2026-04-28T06:58:21-04:00] 
[RECEIVED 2026-04-28T06:58:23-04:00] 
[RECEIVED 2026-04-28T06:58:25-04:00] 
[RECEIVED 2026-04-28T06:58:27-04:00] 
[RECEIVED 2026-04-28T06:58:29-04:00] 
[RECEIVED 2026-04-28T06:58:31-04:00] 
[RECEIVED 2026-04-28T06:58:33-04:00] 
[RECEIVED 2026-04-28T06:58:35-04:00] 
[RECEIVED 2026-04-28T06:58:37-04:00] 
[RECEIVED 2026-04-28T06:58:39-04:00] 
[RECEIVED 2026-04-28T06:58:41-04:00] 
[RECEIVED 2026-04-28T06:58:43-04:00] 
[RECEIVED 2026-04-28T06:58:45-04:00] 
[RECEIVED 2026-04-28T06:58:47-04:00] 
[RECEIVED 2026-04-28T06:58:49-04:00] 
[RECEIVED 2026-04-28T06:58:51-04:00] 
[RECEIVED 2026-04-28T06:58:53-04:00] 
[RECEIVED 2026-04-28T06:58:55-04:00] 
[RECEIVED 2026-04-28T06:58:57-04:00] 
[RECEIVED 2026-04-28T06:59:00-04:00] 
[RECEIVED 2026-04-28T06:59:02-04:00] 
[RECEIVED 2026-04-28T06:59:04-04:00] 
[RECEIVED 2026-04-28T06:59:06-04:00] 
[RECEIVED 2026-04-28T06:59:08-04:00] 
[RECEIVED 2026-04-28T06:59:10-04:00] 
[RECEIVED 2026-05-03T16:23:10-04:00] 
[RECEIVED 2026-05-03T16:23:12-04:00] 
[RECEIVED 2026-05-03T16:23:14-04:00] 
[RECEIVED 2026-05-03T16:23:16-04:00] 
[ACCEPTED 2026-05-03T16:24:21-04:00] SAT_ID=sat-001;TIMESTAMP=2026-05-03T16:24:21-04:00;VALUE=22
[ACCEPTED 2026-05-03T16:24:23-04:00] SAT_ID=sat-001;TIMESTAMP=2026-05-03T16:24:23-04:00;VALUE=64
[ACCEPTED 2026-05-03T16:24:25-04:00] SAT_ID=sat-001;TIMESTAMP=2026-05-03T16:24:25-04:00;VALUE=25
[ACCEPTED 2026-05-03T16:24:27-04:00] SAT_ID=sat-001;TIMESTAMP=2026-05-03T16:24:27-04:00;VALUE=45
[ACCEPTED 2026-05-03T16:24:29-04:00] SAT_ID=sat-001;TIMESTAMP=2026-05-03T16:24:29-04:00;VALUE=85
[ACCEPTED 2026-05-03T16:24:31-04:00] SAT_ID=sat-001;TIMESTAMP=2026-05-03T16:24:31-04:00;VALUE=85
[ACCEPTED 2026-05-03T16:24:33-04:00] SAT_ID=sat-001;TIMESTAMP=2026-05-03T16:24:33-04:00;VALUE=65
[ACCEPTED 2026-05-03T16:24:35-04:00] SAT_ID=sat-001;TIMESTAMP=2026-05-03T16:24:35-04:00;VALUE=7
[ACCEPTED 2026-05-03T16:24:37-04:00] SAT_ID=sat-001;TIMESTAMP=2026-05-03T16:24:37-04:00;VALUE=18
[ACCEPTED 2026-05-03T16:24:39-04:00] SAT_ID=sat-001;TIMESTAMP=2026-05-03T16:24:39-04:00;VALUE=93
[ACCEPTED 2026-05-03T16:24:41-04:00] SAT_ID=sat-001;TIMESTAMP=2026-05-03T16:24:41-04:00;VALUE=17
[ACCEPTED 2026-05-03T16:24:43-04:00] SAT_ID=sat-001;TIMESTAMP=2026-05-03T16:24:43-04:00;VALUE=3
[ACCEPTED 2026-05-03T16:24:45-04:00] SAT_ID=sat-001;TIMESTAMP=2026-05-03T16:24:45-04:00;VALUE=50
[ACCEPTED 2026-05-03T16:24:47-04:00] SAT_ID=sat-001;TIMESTAMP=2026-05-03T16:24:47-04:00;VALUE=63
[ACCEPTED 2026-05-03T16:24:49-04:00] SAT_ID=sat-001;TIMESTAMP=2026-05-03T16:24:49-04:00;VALUE=8
[ACCEPTED 2026-05-03T16:24:51-04:00] SAT_ID=sat-001;TIMESTAMP=2026-05-03T16:24:51-04:00;VALUE=64
[ACCEPTED 2026-05-03T16:24:54-04:00] SAT_ID=sat-001;TIMESTAMP=2026-05-03T16:24:54-04:00;VALUE=29
[ACCEPTED 2026-05-03T16:24:56-04:00] SAT_ID=sat-001;TIMESTAMP=2026-05-03T16:24:56-04:00;VALUE=13
[ACCEPTED 2026-05-03T16:24:58-04:00] SAT_ID=sat-001;TIMESTAMP=2026-05-03T16:24:58-04:00;VALUE=74
[ACCEPTED 2026-05-03T16:25:00-04:00] SAT_ID=sat-001;TIMESTAMP=2026-05-03T16:25:00-04:00;VALUE=62
[REJECTED 2026-05-03T16:25:57-04:00] INVALID SIGNATURE: SAT_ID=sat-001;TIMESTAMP=2026-05-03T16:25:57-04:00;VALUE=9999;SIGNATURE=fake
[REJECTED 2026-05-03T16:26:12-04:00] INVALID SIGNATURE: SAT_ID=sat-001;TIMESTAMP=2026-05-03T16:24:21-04:00;VALUE=9999;SIGNATURE=b15b164afb2f100419e467768e664bad10d6efe59edb306f2da42b01d87215d8
[ACCEPTED 2026-05-03T16:26:45-04:00] SAT_ID=sat-001;TIMESTAMP=2026-05-03T16:24:21-04:00;VALUE=22
[ACCEPTED 2026-05-03T16:29:14-04:00] SAT_ID=sat-001;TIMESTAMP=2026-05-03T16:29:14-04:00;VALUE=84
[ACCEPTED 2026-05-03T16:29:16-04:00] SAT_ID=sat-001;TIMESTAMP=2026-05-03T16:29:16-04:00;VALUE=52
[ACCEPTED 2026-05-03T16:29:18-04:00] SAT_ID=sat-001;TIMESTAMP=2026-05-03T16:29:18-04:00;VALUE=82
[ACCEPTED 2026-05-03T16:29:20-04:00] SAT_ID=sat-001;TIMESTAMP=2026-05-03T16:29:20-04:00;VALUE=61
[ACCEPTED 2026-05-03T16:29:22-04:00] SAT_ID=sat-001;TIMESTAMP=2026-05-03T16:29:22-04:00;VALUE=4
[ACCEPTED 2026-05-03T16:29:25-04:00] SAT_ID=sat-001;TIMESTAMP=2026-05-03T16:29:25-04:00;VALUE=60
[ACCEPTED 2026-05-03T16:29:27-04:00] SAT_ID=sat-001;TIMESTAMP=2026-05-03T16:29:27-04:00;VALUE=28
[ACCEPTED 2026-05-03T16:29:29-04:00] SAT_ID=sat-001;TIMESTAMP=2026-05-03T16:29:29-04:00;VALUE=17
[ACCEPTED 2026-05-03T16:29:35-04:00] SAT_ID=sat-001;TIMESTAMP=2026-05-03T16:24:21-04:00;VALUE=22
[ACCEPTED 2026-05-03T16:30:51-04:00] SAT_ID=sat-001;TIMESTAMP=2026-05-03T16:30:51-04:00;VALUE=9
[ACCEPTED 2026-05-03T16:30:54-04:00] SAT_ID=sat-001;TIMESTAMP=2026-05-03T16:30:54-04:00;VALUE=39
[ACCEPTED 2026-05-03T16:30:56-04:00] SAT_ID=sat-001;TIMESTAMP=2026-05-03T16:30:56-04:00;VALUE=45
[ACCEPTED 2026-05-03T16:30:58-04:00] SAT_ID=sat-001;TIMESTAMP=2026-05-03T16:30:58-04:00;VALUE=5
[ACCEPTED 2026-05-03T16:31:00-04:00] SAT_ID=sat-001;TIMESTAMP=2026-05-03T16:31:00-04:00;VALUE=84
[ACCEPTED 2026-05-03T16:31:03-04:00] SAT_ID=sat-001;TIMESTAMP=2026-05-03T16:31:03-04:00;VALUE=2
[REJECTED 2026-05-03T16:31:20-04:00] REPLAY DETECTED: SAT_ID=sat-001;TIMESTAMP=2026-05-03T16:24:21-04:00;VALUE=22
